ClassTable {
  Main -> {
    VariableTable {},
    MethodTable {
      main -> {
        None,
        16,
        VariableTable {
          i0 -> {Integer, -16, 4},
          local0 -> {Integer, -4, 4},
          local1 -> {Integer, -8, 4},
          local2 -> {Object(class0), -12, 4}
        }
      }
    }
  },
  class0 -> {
    VariableTable {
      member0 -> {Integer, 0, 4},
      member1 -> {Integer, 4, 4}
    },
    MethodTable {
      class0 -> {
        None,
        12,
        VariableTable {
          arg0 -> {Integer, 12, 4},
          arg1 -> {Integer, 16, 4},
          arg2 -> {Integer, 20, 4},
          local0 -> {Boolean, -4, 4},
          local1 -> {Boolean, -8, 4},
          local2 -> {Integer, -12, 4}
        }
      }
    }
  }
}
